<?xml version="1.0" encoding="utf-8"?><testsuites name="pytest tests"><testsuite name="pytest" errors="0" failures="0" skipped="0" tests="14" time="8.179" timestamp="2026-09-10T19:22:48.558581+00:00" hostname="agent-env-285d5a62-1b37-4c04-9cb3-21a101e7f4db"><testcase classname="tests.test_iteration3" name="test_login_response_includes_modules" time="0.833" /><testcase classname="tests.test_iteration3" name="test_list_modules" time="0.173" /><testcase classname="tests.test_iteration3" name="test_toggle_eems_enable" time="0.373" /><testcase classname="tests.test_iteration3" name="test_toggle_forbidden_for_cxo" time="0.566" /><testcase classname="tests.test_iteration3" name="test_apm_gate_on_assets" time="0.656" /><testcase classname="tests.test_iteration3" name="test_list_users_tenant_admin" time="0.132" /><testcase classname="tests.test_iteration3" name="test_list_users_forbidden_for_operator" time="0.524" /><testcase classname="tests.test_iteration3" name="test_assign_operator_by_supervisor_then_reset" time="1.543" /><testcase classname="tests.test_iteration3" name="test_assign_forbidden_for_operator" time="0.556" /><testcase classname="tests.test_iteration3" name="test_assign_tenant_admin_returns_400" time="0.521" /><testcase classname="tests.test_iteration3" name="test_assign_invalid_asset_returns_404" time="0.374" /><testcase classname="tests.test_iteration3" name="test_dashboard_summary_plant_filter" time="0.598" /><testcase classname="tests.test_iteration3" name="test_assets_plant_filter_mumbai" time="0.313" /><testcase classname="tests.test_iteration3" name="test_ws_broadcast_on_module_toggle" time="0.461" /></testsuite></testsuites>