<?xml version="1.0" encoding="utf-8"?><testsuites name="pytest tests"><testsuite name="pytest" errors="0" failures="0" skipped="0" tests="13" time="5.128" timestamp="2026-09-10T21:21:17.740842+00:00" hostname="agent-env-285d5a62-1b37-4c04-9cb3-21a101e7f4db"><testcase classname="tests.test_iteration7" name="test_catalog" time="0.567" /><testcase classname="tests.test_iteration7" name="test_run_report[PRODUCTION]" time="0.155" /><testcase classname="tests.test_iteration7" name="test_run_report[OEE]" time="0.219" /><testcase classname="tests.test_iteration7" name="test_run_report[ENERGY]" time="0.203" /><testcase classname="tests.test_iteration7" name="test_run_report[DOWNTIME]" time="0.136" /><testcase classname="tests.test_iteration7" name="test_run_report[MAINTENANCE]" time="0.220" /><testcase classname="tests.test_iteration7" name="test_aggregation_bucket_counts" time="0.568" /><testcase classname="tests.test_iteration7" name="test_filter_plant_asset" time="0.811" /><testcase classname="tests.test_iteration7" name="test_export_csv" time="0.136" /><testcase classname="tests.test_iteration7" name="test_export_pdf" time="0.294" /><testcase classname="tests.test_iteration7" name="test_export_json" time="0.136" /><testcase classname="tests.test_iteration7" name="test_templates_crud" time="0.628" /><testcase classname="tests.test_iteration7" name="test_zzz_module_gating" time="0.736" /></testsuite></testsuites>