<?xml version="1.0" encoding="utf-8"?><testsuites name="pytest tests"><testsuite name="pytest" errors="0" failures="1" skipped="0" tests="23" time="11.029" timestamp="2026-09-10T20:31:03.280854+00:00" hostname="agent-env-285d5a62-1b37-4c04-9cb3-21a101e7f4db"><testcase classname="tests.test_iteration4" name="test_super_admin_login" time="0.571" /><testcase classname="tests.test_iteration4" name="test_list_tenants_as_super" time="0.197" /><testcase classname="tests.test_iteration4" name="test_list_tenants_forbidden_for_tenant_admin" time="0.587" /><testcase classname="tests.test_iteration4" name="test_create_and_delete_tenant" time="0.867" /><testcase classname="tests.test_iteration4" name="test_create_tenant_duplicate_code_409" time="0.398" /><testcase classname="tests.test_iteration4" name="test_delete_platform_tenant_400" time="0.458" /><testcase classname="tests.test_iteration4" name="test_energy_summary_7d" time="0.168" /><testcase classname="tests.test_iteration4" name="test_energy_module_gate" time="0.459" /><testcase classname="tests.test_iteration4" name="test_energy_summary_filter_plant" time="0.451"><failure message="AssertionError: assert 3 == 1&#10; +  where 3 = len([{'plant_id': '5f26ba22-17b3-41d0-89c4-fdf0772dc785', 'plant_name': 'Pune Plant', 'kwh': 53454.3, 'cost': 502470.0, ...}, {'plant_id': '26492a79-8392-4d25-8ab1-1d87d0a6215e', 'plant_name': 'Mumbai Plant', 'kwh': 44145.9, 'cost': 414972.0, ...}, {'plant_id': '22c1c896-2d9b-48e1-a2fc-4a1740cecc10', 'plant_name': 'Nashik Plant', 'kwh': 35371.0, 'cost': 332487.0, ...}])">backend/tests/test_iteration4.py:142: in test_energy_summary_filter_plant
    assert len(d["plant_comparison"]) == 1
E   AssertionError: assert 3 == 1
E    +  where 3 = len([{'plant_id': '5f26ba22-17b3-41d0-89c4-fdf0772dc785', 'plant_name': 'Pune Plant', 'kwh': 53454.3, 'cost': 502470.0, ...}, {'plant_id': '26492a79-8392-4d25-8ab1-1d87d0a6215e', 'plant_name': 'Mumbai Plant', 'kwh': 44145.9, 'cost': 414972.0, ...}, {'plant_id': '22c1c896-2d9b-48e1-a2fc-4a1740cecc10', 'plant_name': 'Nashik Plant', 'kwh': 35371.0, 'cost': 332487.0, ...}])</failure></testcase><testcase classname="tests.test_iteration4" name="test_oee_summary" time="0.138" /><testcase classname="tests.test_iteration4" name="test_oee_module_gate" time="0.596" /><testcase classname="tests.test_iteration4" name="test_audit_log_module_toggle_recorded" time="0.800" /><testcase classname="tests.test_iteration4" name="test_audit_log_filter_action" time="0.157" /><testcase classname="tests.test_iteration4" name="test_audit_log_filter_q" time="0.144" /><testcase classname="tests.test_iteration4" name="test_create_user_and_audit" time="0.850" /><testcase classname="tests.test_iteration4" name="test_create_user_duplicate_email" time="0.137" /><testcase classname="tests.test_iteration4" name="test_create_user_forbidden_for_supervisor" time="0.543" /><testcase classname="tests.test_iteration4" name="test_update_user_and_audit" time="0.651" /><testcase classname="tests.test_iteration4" name="test_assign_self_returns_400" time="0.161" /><testcase classname="tests.test_iteration4" name="test_delete_self_returns_400" time="0.170" /><testcase classname="tests.test_iteration4" name="test_delete_last_tenant_admin_400" time="0.369" /><testcase classname="tests.test_iteration4" name="test_delete_user_and_audit" time="0.800" /><testcase classname="tests.test_iteration4" name="test_alarm_ack_records_audit" time="0.788" /></testsuite></testsuites>