<?xml version="1.0" encoding="utf-8"?><testsuites name="pytest tests"><testsuite name="pytest" errors="0" failures="0" skipped="0" tests="15" time="10.159" timestamp="2026-09-10T20:47:31.843910+00:00" hostname="agent-env-285d5a62-1b37-4c04-9cb3-21a101e7f4db"><testcase classname="tests.test_iteration5" name="test_asset_metrics_keys" time="0.784" /><testcase classname="tests.test_iteration5" name="test_metrics_module_gate" time="0.530" /><testcase classname="tests.test_iteration5" name="test_maintenance_list_structure" time="0.148" /><testcase classname="tests.test_iteration5" name="test_maintenance_create_and_appears" time="0.312" /><testcase classname="tests.test_iteration5" name="test_maintenance_create_forbidden_for_operator" time="0.511" /><testcase classname="tests.test_iteration5" name="test_maintenance_create_bad_type" time="0.148" /><testcase classname="tests.test_iteration5" name="test_maintenance_create_audit_log" time="0.495" /><testcase classname="tests.test_iteration5" name="test_compare_three_assets" time="0.335" /><testcase classname="tests.test_iteration5" name="test_compare_too_many" time="0.349" /><testcase classname="tests.test_iteration5" name="test_compare_no_ids" time="0.148" /><testcase classname="tests.test_iteration5" name="test_compare_module_gate" time="0.544" /><testcase classname="tests.test_iteration5" name="test_asset_get_has_location" time="0.172" /><testcase classname="tests.test_iteration5" name="test_asset_location_pune_pattern" time="4.181" /><testcase classname="tests.test_iteration5" name="test_create_asset_preserves_location" time="0.584" /><testcase classname="tests.test_iteration5" name="test_telemetry_flow_ingest" time="0.428" /></testsuite></testsuites>