<?xml version="1.0" encoding="utf-8"?><testsuites name="pytest tests"><testsuite name="pytest" errors="0" failures="0" skipped="0" tests="12" time="10.265" timestamp="2026-09-10T21:07:06.042165+00:00" hostname="agent-env-285d5a62-1b37-4c04-9cb3-21a101e7f4db"><testcase classname="tests.test_iteration6" name="test_get_thresholds_defaults" time="1.027" /><testcase classname="tests.test_iteration6" name="test_put_thresholds_pm_ok" time="0.926" /><testcase classname="tests.test_iteration6" name="test_put_thresholds_operator_forbidden" time="0.577" /><testcase classname="tests.test_iteration6" name="test_put_thresholds_bad_bands_400[payload0]" time="0.151" /><testcase classname="tests.test_iteration6" name="test_put_thresholds_bad_bands_400[payload1]" time="0.225" /><testcase classname="tests.test_iteration6" name="test_put_thresholds_bad_bands_400[payload2]" time="0.195" /><testcase classname="tests.test_iteration6" name="test_ingest_temperature_uses_asset_thresholds" time="2.498" /><testcase classname="tests.test_iteration6" name="test_ingest_vibration_uses_defaults_when_no_override" time="1.914" /><testcase classname="tests.test_iteration6" name="test_put_thresholds_audit" time="0.766" /><testcase classname="tests.test_iteration6" name="test_downtime_breakdown_shape" time="0.329" /><testcase classname="tests.test_iteration6" name="test_downtime_breakdown_module_gate" time="0.472" /><testcase classname="tests.test_iteration6" name="test_downtime_breakdown_empty" time="0.695" /></testsuite></testsuites>