<?xml version="1.0" encoding="utf-8"?><testsuites name="pytest tests"><testsuite name="pytest" errors="0" failures="0" skipped="0" tests="26" time="8.511" timestamp="2026-09-10T18:40:05.826138+00:00" hostname="agent-env-285d5a62-1b37-4c04-9cb3-21a101e7f4db"><testcase classname="tests.backend_test" name="test_root_ok" time="0.354" /><testcase classname="tests.backend_test" name="test_login_success" time="0.436" /><testcase classname="tests.backend_test" name="test_login_wrong_tenant" time="0.142" /><testcase classname="tests.backend_test" name="test_login_wrong_password" time="0.381" /><testcase classname="tests.backend_test" name="test_me_ok" time="0.178" /><testcase classname="tests.backend_test" name="test_me_no_token" time="0.222" /><testcase classname="tests.backend_test" name="test_dashboard_summary" time="0.212" /><testcase classname="tests.backend_test" name="test_list_assets" time="0.181" /><testcase classname="tests.backend_test" name="test_list_assets_filter_status" time="0.169" /><testcase classname="tests.backend_test" name="test_list_assets_filter_area" time="0.303" /><testcase classname="tests.backend_test" name="test_hierarchy" time="0.157" /><testcase classname="tests.backend_test" name="test_get_asset_populated" time="0.328" /><testcase classname="tests.backend_test" name="test_create_asset" time="0.611" /><testcase classname="tests.backend_test" name="test_update_asset" time="0.459" /><testcase classname="tests.backend_test" name="test_list_alarms" time="0.191" /><testcase classname="tests.backend_test" name="test_filter_alarms_critical" time="0.153" /><testcase classname="tests.backend_test" name="test_acknowledge_alarm" time="0.478" /><testcase classname="tests.backend_test" name="test_areas" time="0.170" /><testcase classname="tests.backend_test" name="test_plants" time="0.196" /><testcase classname="tests.backend_test" name="test_ingest_warning" time="0.365" /><testcase classname="tests.backend_test" name="test_ingest_critical" time="0.155" /><testcase classname="tests.backend_test" name="test_ingest_alarm_creates_entry" time="0.340" /><testcase classname="tests.backend_test" name="test_ingest_stopped" time="0.509" /><testcase classname="tests.backend_test" name="test_telemetry_latest_and_history" time="0.566" /><testcase classname="tests.backend_test" name="test_ws_requires_token" time="0.267" /><testcase classname="tests.backend_test" name="test_ws_broadcast_on_ingest" time="0.475" /></testsuite></testsuites>