<?xml version="1.0" encoding="utf-8"?><testsuites name="pytest tests"><testsuite name="pytest" errors="0" failures="0" skipped="0" tests="38" time="16.498" timestamp="2026-09-10T19:06:29.004088+00:00" hostname="agent-env-285d5a62-1b37-4c04-9cb3-21a101e7f4db"><testcase classname="tests.backend_test" name="test_root_ok" time="0.308" /><testcase classname="tests.backend_test" name="test_login_success" time="0.411" /><testcase classname="tests.backend_test" name="test_login_wrong_tenant" time="0.157" /><testcase classname="tests.backend_test" name="test_login_wrong_password" time="0.458" /><testcase classname="tests.backend_test" name="test_me_ok" time="0.170" /><testcase classname="tests.backend_test" name="test_me_no_token" time="0.161" /><testcase classname="tests.backend_test" name="test_dashboard_summary" time="0.186" /><testcase classname="tests.backend_test" name="test_list_assets" time="0.193" /><testcase classname="tests.backend_test" name="test_list_assets_filter_status" time="0.184" /><testcase classname="tests.backend_test" name="test_list_assets_filter_area" time="0.411" /><testcase classname="tests.backend_test" name="test_hierarchy" time="0.226" /><testcase classname="tests.backend_test" name="test_get_asset_populated" time="0.408" /><testcase classname="tests.backend_test" name="test_create_asset" time="0.733" /><testcase classname="tests.backend_test" name="test_update_asset" time="1.352" /><testcase classname="tests.backend_test" name="test_list_alarms" time="0.212" /><testcase classname="tests.backend_test" name="test_filter_alarms_critical" time="0.168" /><testcase classname="tests.backend_test" name="test_acknowledge_alarm" time="0.627" /><testcase classname="tests.backend_test" name="test_areas" time="0.171" /><testcase classname="tests.backend_test" name="test_plants" time="0.438" /><testcase classname="tests.backend_test" name="test_ingest_requires_key" time="0.205" /><testcase classname="tests.backend_test" name="test_ingest_wrong_key" time="1.674" /><testcase classname="tests.backend_test" name="test_ingest_warning" time="0.392" /><testcase classname="tests.backend_test" name="test_ingest_critical" time="0.157" /><testcase classname="tests.backend_test" name="test_ingest_alarm_creates_entry" time="0.396" /><testcase classname="tests.backend_test" name="test_ingest_stopped" time="0.483" /><testcase classname="tests.backend_test" name="test_telemetry_latest_and_history" time="0.615" /><testcase classname="tests.backend_test" name="test_ws_requires_token" time="0.247" /><testcase classname="tests.backend_test" name="test_ws_broadcast_on_ingest" time="0.488" /><testcase classname="tests.backend_test" name="test_ingest_with_correct_key" time="0.192" /><testcase classname="tests.backend_test" name="test_ingest_key_hint_tenant_admin" time="0.173" /><testcase classname="tests.backend_test" name="test_ingest_key_hint_forbidden_for_cxo" time="0.567" /><testcase classname="tests.backend_test" name="test_cxo_comparison" time="0.142" /><testcase classname="tests.backend_test" name="test_cxo_comparison_deterministic" time="0.327" /><testcase classname="tests.backend_test" name="test_operator_my_machine" time="0.644" /><testcase classname="tests.backend_test" name="test_operator_my_machine_forbidden_for_admin" time="0.146" /><testcase classname="tests.backend_test" name="test_operator_production_updates_counters" time="1.558" /><testcase classname="tests.backend_test" name="test_operator_production_forbidden_for_admin" time="0.360" /><testcase classname="tests.backend_test" name="test_escalations_list" time="0.145" /></testsuite></testsuites>